


ARM Macro Assembler    Page 1 


    1 00000000                 AREA             codigo, CODE, READONLY, ALIGN=2
    2 00000000                 THUMB
    3 00000000                 EXPORT           Start
    4 00000000         
    5 00000000         Start
    6 00000000 EEB3 0A0E       VLDR.F32         S0, =30     ; número a operar (
                                                            x!)
    7 00000004 EEF7 0A00       VLDR.F32         S1, =1      ; registro para gua
                                                            rdar resultado
    8 00000008         
    9 00000008 EEB7 FA00       VLDR.F32         S30, =1     ; constante 1
   10 0000000C         
   11 0000000C         Factorial
   12 0000000C         ; multiplicar el valor actual de x y el resultado acumul
                       ado
   13 0000000C EE60 0A80       VMUL.F32         S1, S0
   14 00000010         ; sustraer uno al valor actual de x
   15 00000010 EE30 0A4F       VSUB.F32         S0, S30
   16 00000014         ; verificar si se ha llegado al máximo del factorial
   17 00000014 EEB4 0A4F       VCMP.F32         S0, S30
   18 00000018         ; trasladar banderas de FPSCR a APSR
   19 00000018 EEF1 FA10       VMRS             APSR_nzcv, FPSCR
   20 0000001C         ; si x no es igual a 1, seguir operando
   21 0000001C D1F6            BNE              Factorial
   22 0000001E         
   23 0000001E         Loop
   24 0000001E E7FE            B                Loop
   25 00000020         
   26 00000020                 END
Command Line: --debug --xref --diag_suppress=9931 --cpu=Cortex-M4.fp --apcs=int
erwork --depend=.\objects\main.d -o.\objects\main.o -I.\RTE\_Target_1 -IC:\Keil
_v5\ARM\PACK\Keil\TM4C_DFP\1.1.0\Device\Include\TM4C123 -IC:\Keil_v5\ARM\CMSIS\
Include --predefine="__EVAL SETA 1" --predefine="__UVISION_VERSION SETA 525" --
predefine="TM4C123GH6PM SETA 1" --list=.\listings\main.lst main.s



ARM Macro Assembler    Page 1 Alphabetic symbol ordering
Relocatable symbols

Factorial 0000000C

Symbol: Factorial
   Definitions
      At line 11 in file main.s
   Uses
      At line 21 in file main.s
Comment: Factorial used once
Loop 0000001E

Symbol: Loop
   Definitions
      At line 23 in file main.s
   Uses
      At line 24 in file main.s
Comment: Loop used once
Start 00000000

Symbol: Start
   Definitions
      At line 5 in file main.s
   Uses
      At line 3 in file main.s
Comment: Start used once
codigo 00000000

Symbol: codigo
   Definitions
      At line 1 in file main.s
   Uses
      None
Comment: codigo unused
4 symbols
338 symbols in table
