


ARM Macro Assembler    Page 1 


    1 00000000 40025010 
                       GPIO_PORTF2
                               EQU              0x40025010
    2 00000000 40025400 
                       GPIO_PORTF_DIR_R
                               EQU              0x40025400
    3 00000000 40025420 
                       GPIO_PORTF_AFSEL_R
                               EQU              0x40025420
    4 00000000 4002551C 
                       GPIO_PORTF_DEN_R
                               EQU              0x4002551C
    5 00000000 40025528 
                       GPIO_PORTF_AMSEL_R
                               EQU              0x40025528
    6 00000000 4002552C 
                       GPIO_PORTF_PCTL_R
                               EQU              0x4002552C
    7 00000000 400FE608 
                       SYSCTL_RCGCGPIO_R
                               EQU              0x400FE608
    8 00000000 001E8480 
                       CONSTANTE
                               EQU              2000000
    9 00000000         
   10 00000000                 AREA             codigo, CODE, READONLY,ALIGN=2
   11 00000000                 THUMB
   12 00000000                 EXPORT           Start
   13 00000000         
   14 00000000         Start
   15 00000000         ; Paso 1: activación de reloj para puerto F.
   16 00000000 491A            LDR              R1, =SYSCTL_RCGCGPIO_R
   17 00000002 6808            LDR              R0, [R1]
   18 00000004 F040 0020       ORR              R0, R0, #0x20
   19 00000008 6008            STR              R0, [R1]
   20 0000000A BF00            NOP
   21 0000000C BF00            NOP
   22 0000000E         ; Paso 2: desbloqueo de pines. Es este caso los pines es
                       tán libres.
   23 0000000E         ; En este programa no hay pines que necesiten desbloqueo
                       . 
   24 0000000E         ; Paso 3: deshabilitar función analógica.
   25 0000000E 4918            LDR              R1, =GPIO_PORTF_AMSEL_R
   26 00000010 6808            LDR              R0, [R1]
   27 00000012 F020 0004       BIC              R0, #0x04
   28 00000016 6008            STR              R0, [R1]
   29 00000018         ; Paso 4: configurar como GPIO, PCTL=0.
   30 00000018 4916            LDR              R1, =GPIO_PORTF_PCTL_R
   31 0000001A 6808            LDR              R0, [R1]
   32 0000001C F420 6070       BIC              R0, R0, #0x00000F00
   33 00000020 6008            STR              R0, [R1]
   34 00000022         ; Paso 5: especificar dirección PF2.
   35 00000022 4915            LDR              R1, =GPIO_PORTF_DIR_R
   36 00000024 6808            LDR              R0, [R1]
   37 00000026 F040 0004       ORR              R0, R0, #0x04
   38 0000002A 6008            STR              R0, [R1]
   39 0000002C         ; Paso 6: limpiar bits en función alternativa.
   40 0000002C 4913            LDR              R1, =GPIO_PORTF_AFSEL_R
   41 0000002E 6808            LDR              R0, [R1]



ARM Macro Assembler    Page 2 


   42 00000030 F020 0004       BIC              R0, R0, #0x04
   43 00000034 6008            STR              R0, [R1]
   44 00000036         ; Paso 7: habilitar como puerto digital.
   45 00000036 4912            LDR              R1, =GPIO_PORTF_DEN_R
   46 00000038 6808            LDR              R0, [R1]
   47 0000003A F040 0004       ORR              R0, R0, #0x04
   48 0000003E 6008            STR              R0, [R1]
   49 00000040         ;  Regreso a rutina Start.
   50 00000040 E008            B                Loop
   51 00000042         
   52 00000042         Delay                                ; Rutina de retardo
                                                             de 1s.
   53 00000042 F100 0001       ADD              R0, #1
   54 00000046 BF00            NOP
   55 00000048 BF00            NOP
   56 0000004A BF00            NOP
   57 0000004C BF00            NOP
   58 0000004E 4288            CMP              R0, R1
   59 00000050 D1F7            BNE              Delay
   60 00000052 4770            BX               LR
   61 00000054         
   62 00000054         Loop                                 ; Ciclo para encend
                                                            ido y apagadao de L
                                                            ED.
   63 00000054         ; Cargar en R0 el contenido de la dirección de memoria a
                        la que
   64 00000054         ; apunta R1 (GPIO_PORTF2=0x40025010)
   65 00000054 490B            LDR              R1, =GPIO_PORTF2
   66 00000056 6808            LDR              R0, [R1]
   67 00000058         ; Cambiar al valor del LED al negado del anterior (R0 = 
                       R0^0x04). 
   68 00000058 F080 0004       EOR              R0, R0, #0x04
   69 0000005C         ; Almacenar el valor de GPIO_PORTF2 modificado.
   70 0000005C 6008            STR              R0, [R1]
   71 0000005E         ; Reiniciar contador para retardo e ir a Delay con enlac
                       e.
   72 0000005E F04F 0000       LDR              R0, =0
   73 00000062 4909            LDR              R1, =CONSTANTE
   74 00000064 F7FF FFED       BL               Delay
   75 00000068         ;Repetir subrutina Loop.
   76 00000068 E7F4            B                Loop
   77 0000006A         
   78 0000006A 00 00           ALIGN
   79 0000006C                 END
              400FE608 
              40025528 
              4002552C 
              40025400 
              40025420 
              4002551C 
              40025010 
              001E8480 
Command Line: --debug --xref --diag_suppress=9931 --cpu=Cortex-M4.fp --apcs=int
erwork --depend=.\objects\main.d -o.\objects\main.o -I.\RTE\_Target_1 -IC:\Keil
_v5\ARM\PACK\Keil\TM4C_DFP\1.1.0\Device\Include\TM4C123 -IC:\Keil_v5\ARM\CMSIS\
Include --predefine="__EVAL SETA 1" --predefine="__UVISION_VERSION SETA 525" --
predefine="TM4C123GH6PM SETA 1" --list=.\listings\main.lst main.s



ARM Macro Assembler    Page 1 Alphabetic symbol ordering
Relocatable symbols

Delay 00000042

Symbol: Delay
   Definitions
      At line 52 in file main.s
   Uses
      At line 59 in file main.s
      At line 74 in file main.s

Loop 00000054

Symbol: Loop
   Definitions
      At line 62 in file main.s
   Uses
      At line 50 in file main.s
      At line 76 in file main.s

Start 00000000

Symbol: Start
   Definitions
      At line 14 in file main.s
   Uses
      At line 12 in file main.s
Comment: Start used once
codigo 00000000

Symbol: codigo
   Definitions
      At line 10 in file main.s
   Uses
      None
Comment: codigo unused
4 symbols



ARM Macro Assembler    Page 1 Alphabetic symbol ordering
Absolute symbols

CONSTANTE 001E8480

Symbol: CONSTANTE
   Definitions
      At line 8 in file main.s
   Uses
      At line 73 in file main.s
Comment: CONSTANTE used once
GPIO_PORTF2 40025010

Symbol: GPIO_PORTF2
   Definitions
      At line 1 in file main.s
   Uses
      At line 65 in file main.s
Comment: GPIO_PORTF2 used once
GPIO_PORTF_AFSEL_R 40025420

Symbol: GPIO_PORTF_AFSEL_R
   Definitions
      At line 3 in file main.s
   Uses
      At line 40 in file main.s
Comment: GPIO_PORTF_AFSEL_R used once
GPIO_PORTF_AMSEL_R 40025528

Symbol: GPIO_PORTF_AMSEL_R
   Definitions
      At line 5 in file main.s
   Uses
      At line 25 in file main.s
Comment: GPIO_PORTF_AMSEL_R used once
GPIO_PORTF_DEN_R 4002551C

Symbol: GPIO_PORTF_DEN_R
   Definitions
      At line 4 in file main.s
   Uses
      At line 45 in file main.s
Comment: GPIO_PORTF_DEN_R used once
GPIO_PORTF_DIR_R 40025400

Symbol: GPIO_PORTF_DIR_R
   Definitions
      At line 2 in file main.s
   Uses
      At line 35 in file main.s
Comment: GPIO_PORTF_DIR_R used once
GPIO_PORTF_PCTL_R 4002552C

Symbol: GPIO_PORTF_PCTL_R
   Definitions
      At line 6 in file main.s
   Uses
      At line 30 in file main.s
Comment: GPIO_PORTF_PCTL_R used once
SYSCTL_RCGCGPIO_R 400FE608

Symbol: SYSCTL_RCGCGPIO_R



ARM Macro Assembler    Page 2 Alphabetic symbol ordering
Absolute symbols

   Definitions
      At line 7 in file main.s
   Uses
      At line 16 in file main.s
Comment: SYSCTL_RCGCGPIO_R used once
8 symbols
348 symbols in table
