


ARM Macro Assembler    Page 1 


    1 00000000         
    2 00000000                 AREA             codigo, CODE, READONLY,ALIGN=2
    3 00000000                 THUMB
    4 00000000                 EXPORT           Start
    5 00000000         
    6 00000000         Start
    7 00000000         
    8 00000000         ; Para operaciones aritméticas con resultado de 32 bits.
                       
    9 00000000 F04F 0009       LDR              R0, =9
   10 00000004 F06F 0101       LDR              R1, =-2
   11 00000008         
   12 00000008 F100 0206       ADD              R2, R0, #6  ; R2=R0+4
   13 0000000C F1A1 0103       SUB              R1, #3      ; R1=R1-3
   14 00000010 FB02 F301       MUL              R3, R2, R1  ; R3=R2*R1
   15 00000014 FB92 F2F1       SDIV             R2, R1      ; R2=R2/R1
   16 00000018         
   17 00000018         ; Para multiplicación con resultado de 64 bits.
   18 00000018 F64F 74FF 
              F6CF 74FF        MOV32            R4, 0xFFFFFFFF
   19 00000020 F240 0503 
              F2C0 0500        MOV32            R5, 0x3
   20 00000028 FBA5 6704       UMULL            R6, R7, R5, R4 ;(R6, R7)=R5*R4
   21 0000002C         
   22 0000002C         ; Para operaciones lógicas.
   23 0000002C F04F 3810       MOV              R8, #0x10101010
   24 00000030 F241 1901 
              F2C1 1911        MOV32            R9, #0x11111101
   25 00000038         
   26 00000038 EA08 0A09       AND              R10, R8, R9 ; R10=R8&R9
   27 0000003C EA88 0B09       EOR              R11, R8, R9 ; R11=R8^R9
   28 00000040 EA48 0C09       ORR              R12, R8, R9 ; R12=R8|R9
   29 00000044 EA28 0809       BIC              R8, R9      ; Limpiar en R8 los
                                                             bits señalados por
                                                             R9.
   30 00000048 EA4F 2939       ROR              R9, #8      ; Rotar R9 8 bits a
                                                             la derecha.
   31 0000004C         
   32 0000004C                 ALIGN
   33 0000004C                 END
Command Line: --debug --xref --diag_suppress=9931 --cpu=Cortex-M4.fp --apcs=int
erwork --depend=.\objects\main.d -o.\objects\main.o -I.\RTE\_Target_1 -IC:\Keil
_v5\ARM\PACK\Keil\TM4C_DFP\1.1.0\Device\Include\TM4C123 -IC:\Keil_v5\ARM\CMSIS\
Include --predefine="__EVAL SETA 1" --predefine="__UVISION_VERSION SETA 525" --
predefine="TM4C123GH6PM SETA 1" --list=.\listings\main.lst main.s



ARM Macro Assembler    Page 1 Alphabetic symbol ordering
Relocatable symbols

Start 00000000

Symbol: Start
   Definitions
      At line 6 in file main.s
   Uses
      At line 4 in file main.s
Comment: Start used once
codigo 00000000

Symbol: codigo
   Definitions
      At line 2 in file main.s
   Uses
      None
Comment: codigo unused
2 symbols
336 symbols in table
