


ARM Macro Assembler    Page 1 


    1 00000000                 AREA             codigo, CODE, READONLY, ALIGN=2
    2 00000000                 THUMB
    3 00000000                 EXPORT           Start
    4 00000000         
    5 00000000         Start
    6 00000000 F04F 0804       LDR              R8, =4
    7 00000004         
    8 00000004                 MACRO
    9 00000004         ; prom = (a + b + c + d)/4
   10 00000004         $etiqueta
                               Promedio         $prom, $a, $b, $c, $d
   11 00000004         $etiqueta
   12 00000004                 ADD              R10 , $a, $b
   13 00000004                 ADD              R10 , $c
   14 00000004                 ADD              R10 , $d
   15 00000004                 SDIV             $prom, R10, R8 ; dividir en 4
   16 00000004                 MEND
   17 00000004         
   18 00000004         
   19 00000004 F04F 000A       LDR              R0, =10
   20 00000008 F04F 0114       LDR              R1, =20
   21 0000000C F04F 020F       LDR              R2, =15
   22 00000010 F04F 031F       LDR              R3, =31
   23 00000014         _Prom1  Promedio         R4, R0, R1, R2, R3
   11 00000014         _Prom1
   12 00000014 EB00 0A01       ADD              R10 , R0, R1
   13 00000018 4492            ADD              R10 , R2
   14 0000001A 449A            ADD              R10 , R3
   15 0000001C FB9A F4F8       SDIV             R4, R10, R8 ; dividir en 4
   24 00000020         
   25 00000020 F04F 0006       LDR              R0, =6
   26 00000024 F04F 0108       LDR              R1, =8
   27 00000028 F04F 0209       LDR              R2, =9
   28 0000002C F04F 0305       LDR              R3, =5
   29 00000030         _Prom2  Promedio         R5, R0, R1, R2, R3
   11 00000030         _Prom2
   12 00000030 EB00 0A01       ADD              R10 , R0, R1
   13 00000034 4492            ADD              R10 , R2
   14 00000036 449A            ADD              R10 , R3
   15 00000038 FB9A F5F8       SDIV             R5, R10, R8 ; dividir en 4
   30 0000003C         
   31 0000003C         Loop
   32 0000003C E7FE            B                Loop
   33 0000003E         
   34 0000003E 00 00           ALIGN
   35 00000040                 END
Command Line: --debug --xref --diag_suppress=9931 --cpu=Cortex-M4.fp --apcs=int
erwork --depend=.\objects\main.d -o.\objects\main.o -I.\RTE\_Target_1 -IC:\Keil
_v5\ARM\PACK\Keil\TM4C_DFP\1.1.0\Device\Include\TM4C123 -IC:\Keil_v5\ARM\CMSIS\
Include --predefine="__EVAL SETA 1" --predefine="__UVISION_VERSION SETA 525" --
predefine="TM4C123GH6PM SETA 1" --list=.\listings\main.lst main.s



ARM Macro Assembler    Page 1 Alphabetic symbol ordering
Relocatable symbols

Loop 0000003C

Symbol: Loop
   Definitions
      At line 31 in file main.s
   Uses
      At line 32 in file main.s
Comment: Loop used once
Start 00000000

Symbol: Start
   Definitions
      At line 5 in file main.s
   Uses
      At line 3 in file main.s
Comment: Start used once
_Prom1 00000014

Symbol: _Prom1
   Definitions
      At line 11 in macro Promedio
      at line 23 in file main.s
   Uses
      None
Comment: _Prom1 unused
_Prom2 00000030

Symbol: _Prom2
   Definitions
      At line 11 in macro Promedio
      at line 29 in file main.s
   Uses
      None
Comment: _Prom2 unused
codigo 00000000

Symbol: codigo
   Definitions
      At line 1 in file main.s
   Uses
      None
Comment: codigo unused
5 symbols
339 symbols in table
