


ARM Macro Assembler    Page 1 


    1 00000000 40025018 
                       GPIO_PORTF12
                               EQU              0x40025018
    2 00000000 40025004 
                       GPIO_PORTF0
                               EQU              0x40025004
    3 00000000 40025400 
                       GPIO_PORTF_DIR_R
                               EQU              0x40025400
    4 00000000 40025420 
                       GPIO_PORTF_AFSEL_R
                               EQU              0x40025420
    5 00000000 4002551C 
                       GPIO_PORTF_DEN_R
                               EQU              0x4002551C
    6 00000000 40025520 
                       GPIO_PORTF_LOCK_R
                               EQU              0x40025520
    7 00000000 40025528 
                       GPIO_PORTF_AMSEL_R
                               EQU              0x40025528
    8 00000000 4002552C 
                       GPIO_PORTF_PCTL_R
                               EQU              0x4002552C
    9 00000000 400FE608 
                       SYSCTL_RCGCGPIO_R
                               EQU              0x400FE608
   10 00000000 4C4F434B 
                       GPIO_LOCK_KEY
                               EQU              0x4C4F434B
   11 00000000 40025524 
                       GPIO_PORTF_CR_R
                               EQU              0x40025524
   12 00000000 000186A0 
                       CONSTANTE
                               EQU              100000
   13 00000000         
   14 00000000                 AREA             codigo, CODE, READONLY,ALIGN=2
   15 00000000                 THUMB
   16 00000000                 EXPORT           Start
   17 00000000         
   18 00000000         Start
   19 00000000         ; Paso 1: activación de reloj para puerto F.
   20 00000000 4926            LDR              R1, =SYSCTL_RCGCGPIO_R
   21 00000002 6808            LDR              R0, [R1]
   22 00000004 F040 0020       ORR              R0, R0, #0x20
   23 00000008 6008            STR              R0, [R1]
   24 0000000A BF00            NOP
   25 0000000C BF00            NOP
   26 0000000E         ; Paso 2: desbloqueo de pines.
   27 0000000E 4924            LDR              R1, =GPIO_PORTF_LOCK_R 
                                                            ; uso de llave
   28 00000010 4824            LDR              R0, =GPIO_LOCK_KEY
   29 00000012 6008            STR              R0, [R1]
   30 00000014 4924            LDR              R1, =GPIO_PORTF_CR_R ; "commit"
                                                            
   31 00000016 F04F 00FF       MOV              R0, #0xFF
   32 0000001A 6008            STR              R0, [R1]
   33 0000001C         ; Paso 3: deshabilitar función analógica.



ARM Macro Assembler    Page 2 


   34 0000001C 4923            LDR              R1, =GPIO_PORTF_AMSEL_R
   35 0000001E 6808            LDR              R0, [R1]
   36 00000020 F020 0007       BIC              R0, #0x07
   37 00000024 6008            STR              R0, [R1]
   38 00000026         ; Paso 4: configurar como GPIO, PCTL=0.
   39 00000026 4922            LDR              R1, =GPIO_PORTF_PCTL_R
   40 00000028 6808            LDR              R0, [R1]
   41 0000002A F020 00FF       BIC              R0, R0, #0x000000FF
   42 0000002E F420 6070       BIC              R0, R0, #0x00000F00
   43 00000032 6008            STR              R0, [R1]
   44 00000034         ; Paso 5: especificar dirección de PF1 y PF2.
   45 00000034 491F            LDR              R1, =GPIO_PORTF_DIR_R
   46 00000036 6808            LDR              R0, [R1]
   47 00000038 F040 0006       ORR              R0, R0, #0x06
   48 0000003C 6008            STR              R0, [R1]
   49 0000003E         ; Paso 5: especificar dirección de PF0.
   50 0000003E 491D            LDR              R1, =GPIO_PORTF_DIR_R
   51 00000040 6808            LDR              R0, [R1]
   52 00000042 F020 0001       BIC              R0, R0, #0x01
   53 00000046 6008            STR              R0, [R1]
   54 00000048         ; Paso 6: limpiar bits en función alternativa.
   55 00000048 491B            LDR              R1, =GPIO_PORTF_AFSEL_R
   56 0000004A 6808            LDR              R0, [R1]
   57 0000004C F020 0007       BIC              R0, R0, #0x07
   58 00000050 6008            STR              R0, [R1]
   59 00000052         ; Paso 7: habilitar como puerto digital.
   60 00000052 491A            LDR              R1, =GPIO_PORTF_DEN_R
   61 00000054 6808            LDR              R0, [R1]
   62 00000056 F040 0007       ORR              R0, R0, #0x07
   63 0000005A 6008            STR              R0, [R1]
   64 0000005C         
   65 0000005C 4B18            LDR              R3, =CONSTANTE
   66 0000005E E012            B                Loop
   67 00000060         
   68 00000060         Delay                                ; Rutina de retardo
                                                             de 50ms.
   69 00000060 F102 0201       ADD              R2, #1
   70 00000064 BF00            NOP
   71 00000066 BF00            NOP
   72 00000068 BF00            NOP
   73 0000006A BF00            NOP
   74 0000006C 429A            CMP              R2, R3
   75 0000006E D1F7            BNE              Delay
   76 00000070 4770            BX               LR
   77 00000072         
   78 00000072         Encender                             ; Rutina de encendi
                                                            do de F1 y F2.
   79 00000072 4D14            LDR              R5, =GPIO_PORTF12
   80 00000074 F04F 0406       LDR              R4, =0x06
   81 00000078 602C            STR              R4, [R5]
   82 0000007A E004            B                Loop
   83 0000007C         Apagar                               ; Rutina de apagado
                                                             de F1 y F2.
   84 0000007C 4D11            LDR              R5, =GPIO_PORTF12
   85 0000007E F04F 0400       LDR              R4, =0x0
   86 00000082 602C            STR              R4, [R5]
   87 00000084 E7FF            B                Loop
   88 00000086         
   89 00000086         Loop                                 ; Ciclo para lectur



ARM Macro Assembler    Page 3 


                                                            a de switch.
   90 00000086         ; Leer el valor del switch.
   91 00000086 4910            LDR              R1, =GPIO_PORTF0
   92 00000088 6808            LDR              R0, [R1]
   93 0000008A         ;Retardo antirrebote.
   94 0000008A F04F 0200       LDR              R2, =0
   95 0000008E F7FF FFE7       BL               Delay
   96 00000092         ; Si F0=1, encender LED. Si F0=0, apagar LED.
   97 00000092 2801            CMP              R0, #0x01
   98 00000094 D0ED            BEQ              Encender
   99 00000096 2800            CMP              R0, #0x0
  100 00000098 D0F0            BEQ              Apagar
  101 0000009A E7F4            B                Loop
  102 0000009C         
  103 0000009C                 ALIGN
  104 0000009C                 END
              400FE608 
              40025520 
              4C4F434B 
              40025524 
              40025528 
              4002552C 
              40025400 
              40025420 
              4002551C 
              000186A0 
              40025018 
              40025004 
Command Line: --debug --xref --diag_suppress=9931 --cpu=Cortex-M4.fp --apcs=int
erwork --depend=.\objects\main.d -o.\objects\main.o -I.\RTE\_Target_1 -IC:\Keil
_v5\ARM\PACK\Keil\TM4C_DFP\1.1.0\Device\Include\TM4C123 -IC:\Keil_v5\ARM\CMSIS\
Include --predefine="__EVAL SETA 1" --predefine="__UVISION_VERSION SETA 525" --
predefine="TM4C123GH6PM SETA 1" --list=.\listings\main.lst main.s



ARM Macro Assembler    Page 1 Alphabetic symbol ordering
Relocatable symbols

Apagar 0000007C

Symbol: Apagar
   Definitions
      At line 83 in file main.s
   Uses
      At line 100 in file main.s
Comment: Apagar used once
Delay 00000060

Symbol: Delay
   Definitions
      At line 68 in file main.s
   Uses
      At line 75 in file main.s
      At line 95 in file main.s

Encender 00000072

Symbol: Encender
   Definitions
      At line 78 in file main.s
   Uses
      At line 98 in file main.s
Comment: Encender used once
Loop 00000086

Symbol: Loop
   Definitions
      At line 89 in file main.s
   Uses
      At line 66 in file main.s
      At line 82 in file main.s
      At line 87 in file main.s
      At line 101 in file main.s

Start 00000000

Symbol: Start
   Definitions
      At line 18 in file main.s
   Uses
      At line 16 in file main.s
Comment: Start used once
codigo 00000000

Symbol: codigo
   Definitions
      At line 14 in file main.s
   Uses
      None
Comment: codigo unused
6 symbols



ARM Macro Assembler    Page 1 Alphabetic symbol ordering
Absolute symbols

CONSTANTE 000186A0

Symbol: CONSTANTE
   Definitions
      At line 12 in file main.s
   Uses
      At line 65 in file main.s
Comment: CONSTANTE used once
GPIO_LOCK_KEY 4C4F434B

Symbol: GPIO_LOCK_KEY
   Definitions
      At line 10 in file main.s
   Uses
      At line 28 in file main.s
Comment: GPIO_LOCK_KEY used once
GPIO_PORTF0 40025004

Symbol: GPIO_PORTF0
   Definitions
      At line 2 in file main.s
   Uses
      At line 91 in file main.s
Comment: GPIO_PORTF0 used once
GPIO_PORTF12 40025018

Symbol: GPIO_PORTF12
   Definitions
      At line 1 in file main.s
   Uses
      At line 79 in file main.s
      At line 84 in file main.s

GPIO_PORTF_AFSEL_R 40025420

Symbol: GPIO_PORTF_AFSEL_R
   Definitions
      At line 4 in file main.s
   Uses
      At line 55 in file main.s
Comment: GPIO_PORTF_AFSEL_R used once
GPIO_PORTF_AMSEL_R 40025528

Symbol: GPIO_PORTF_AMSEL_R
   Definitions
      At line 7 in file main.s
   Uses
      At line 34 in file main.s
Comment: GPIO_PORTF_AMSEL_R used once
GPIO_PORTF_CR_R 40025524

Symbol: GPIO_PORTF_CR_R
   Definitions
      At line 11 in file main.s
   Uses
      At line 30 in file main.s
Comment: GPIO_PORTF_CR_R used once
GPIO_PORTF_DEN_R 4002551C




ARM Macro Assembler    Page 2 Alphabetic symbol ordering
Absolute symbols

Symbol: GPIO_PORTF_DEN_R
   Definitions
      At line 5 in file main.s
   Uses
      At line 60 in file main.s
Comment: GPIO_PORTF_DEN_R used once
GPIO_PORTF_DIR_R 40025400

Symbol: GPIO_PORTF_DIR_R
   Definitions
      At line 3 in file main.s
   Uses
      At line 45 in file main.s
      At line 50 in file main.s

GPIO_PORTF_LOCK_R 40025520

Symbol: GPIO_PORTF_LOCK_R
   Definitions
      At line 6 in file main.s
   Uses
      At line 27 in file main.s
Comment: GPIO_PORTF_LOCK_R used once
GPIO_PORTF_PCTL_R 4002552C

Symbol: GPIO_PORTF_PCTL_R
   Definitions
      At line 8 in file main.s
   Uses
      At line 39 in file main.s
Comment: GPIO_PORTF_PCTL_R used once
SYSCTL_RCGCGPIO_R 400FE608

Symbol: SYSCTL_RCGCGPIO_R
   Definitions
      At line 9 in file main.s
   Uses
      At line 20 in file main.s
Comment: SYSCTL_RCGCGPIO_R used once
12 symbols
354 symbols in table
